<?xml version="1.0" encoding="UTF-8"?>
<testsuite name="repository.TestAritlceRepository" tests="1" skipped="0" failures="0" errors="0" timestamp="2015-07-01T04:22:13" hostname="arahansa-PC" time="0.042">
  <properties/>
  <testcase name="save" classname="repository.TestAritlceRepository" time="0.042"/>
  <system-out><![CDATA[2015-07-01 13:22:13.660  INFO 9856 --- [    Test worker] o.s.t.c.web.WebTestContextBootstrapper   : Loaded default TestExecutionListener class names from location [META-INF/spring.factories]: [org.springframework.test.context.web.ServletTestExecutionListener, org.springframework.test.context.support.DependencyInjectionTestExecutionListener, org.springframework.test.context.support.DirtiesContextTestExecutionListener, org.springframework.test.context.transaction.TransactionalTestExecutionListener, org.springframework.test.context.jdbc.SqlScriptsTestExecutionListener]
2015-07-01 13:22:13.660  INFO 9856 --- [    Test worker] o.s.t.c.web.WebTestContextBootstrapper   : Using TestExecutionListeners: [org.springframework.test.context.web.ServletTestExecutionListener@4fe73ceb, org.springframework.test.context.support.DependencyInjectionTestExecutionListener@5953ed25, org.springframework.test.context.support.DirtiesContextTestExecutionListener@4a6cf991, org.springframework.test.context.transaction.TransactionalTestExecutionListener@67d11e97, org.springframework.test.context.jdbc.SqlScriptsTestExecutionListener@112766e2]
BoardArticle{id=1, nick='arahansa', content='hello world', addressFile='null', addressThumbnail='null'}
BoardArticle{id=2, nick='park', content='the universe will help you', addressFile='null', addressThumbnail='null'}
]]></system-out>
  <system-err><![CDATA[]]></system-err>
</testsuite>
