<?xml version="1.0" encoding="UTF-8"?>
<testsuite name="repository.TestAritlceRepository" tests="0" skipped="0" failures="0" errors="0" timestamp="1970-01-01T00:00:00" hostname="arahansa-PC" time="0.0">
  <properties/>
  <system-out><![CDATA[2015-06-16 01:11:48.461  INFO 3940 --- [    Test worker] o.s.t.c.web.WebTestContextBootstrapper   : Loaded default TestExecutionListener class names from location [META-INF/spring.factories]: [org.springframework.test.context.web.ServletTestExecutionListener, org.springframework.test.context.support.DependencyInjectionTestExecutionListener, org.springframework.test.context.support.DirtiesContextTestExecutionListener, org.springframework.test.context.transaction.TransactionalTestExecutionListener, org.springframework.test.context.jdbc.SqlScriptsTestExecutionListener]
2015-06-16 01:11:48.461  INFO 3940 --- [    Test worker] o.s.t.c.web.WebTestContextBootstrapper   : Using TestExecutionListeners: [org.springframework.test.context.web.ServletTestExecutionListener@4fc226d1, org.springframework.test.context.support.DependencyInjectionTestExecutionListener@7ee62122, org.springframework.test.context.support.DirtiesContextTestExecutionListener@66797ac, org.springframework.test.context.transaction.TransactionalTestExecutionListener@289851b6, org.springframework.test.context.jdbc.SqlScriptsTestExecutionListener@76321eda]
]]></system-out>
  <system-err><![CDATA[]]></system-err>
</testsuite>
